# JRE version: OpenJDK Runtime Environment (17.0.7) (build 17.0.7+0-b2043.56-10550314)
# Java VM: OpenJDK 64-Bit Server VM (17.0.7+0-b2043.56-10550314, mixed mode, tiered, compressed oops, compressed class ptrs, g1 gc, windows-amd64)
GC Precious Log:
 CPUs: 16 total, 16 available
 Memory: 32544M
 Large Page Support: Disabled
 NUMA Support: Disabled
 Compressed Oops: Enabled (32-bit)
 Heap Region Size: 1M
 Heap Min Capacity: 8M
 Heap Initial Capacity: 510M
 Heap Max Capacity: 2G
 Pre-touch: Disabled
 Parallel Workers: 13
 Concurrent Workers: 3
 Concurrent Refinement Workers: 13
 Periodic GC: Disabled
Heap:
 garbage-first heap   total 413696K, used 235528K [0x0000000080000000, 0x0000000100000000)
  region size 1024K, 149 young (152576K), 38 survivors (38912K)
 Metaspace       used 104715K, committed 105280K, reserved 1179648K
  class space    used 12990K, committed 13248K, reserved 1048576K
GC Heap History (20 events):
Event: 16.343 GC heap before
{Heap before GC invocations=69 (full 0):
 garbage-first heap   total 513024K, used 385089K [0x0000000080000000, 0x0000000100000000)
  region size 1024K, 300 young (307200K), 20 survivors (20480K)
 Metaspace       used 60511K, committed 61056K, reserved 1114112K
  class space    used 7838K, committed 8064K, reserved 1048576K
}
Event: 16.346 GC heap after
{Heap after GC invocations=70 (full 0):
 garbage-first heap   total 513024K, used 89683K [0x0000000080000000, 0x0000000100000000)
  region size 1024K, 12 young (12288K), 12 survivors (12288K)
 Metaspace       used 60511K, committed 61056K, reserved 1114112K
  class space    used 7838K, committed 8064K, reserved 1048576K
}
Event: 16.855 GC heap before
{Heap before GC invocations=70 (full 0):
 garbage-first heap   total 513024K, used 384595K [0x0000000080000000, 0x0000000100000000)
  region size 1024K, 300 young (307200K), 12 survivors (12288K)
 Metaspace       used 60540K, committed 61056K, reserved 1114112K
  class space    used 7838K, committed 8064K, reserved 1048576K
}
Event: 16.858 GC heap after
{Heap after GC invocations=71 (full 0):
 garbage-first heap   total 513024K, used 93978K [0x0000000080000000, 0x0000000100000000)
  region size 1024K, 15 young (15360K), 15 survivors (15360K)
 Metaspace       used 60540K, committed 61056K, reserved 1114112K
  class space    used 7838K, committed 8064K, reserved 1048576K
}
Event: 17.279 GC heap before
{Heap before GC invocations=71 (full 0):
 garbage-first heap   total 513024K, used 385818K [0x0000000080000000, 0x0000000100000000)
  region size 1024K, 300 young (307200K), 15 survivors (15360K)
 Metaspace       used 60547K, committed 61056K, reserved 1114112K
  class space    used 7838K, committed 8064K, reserved 1048576K
}
Event: 17.283 GC heap after
{Heap after GC invocations=72 (full 0):
 garbage-first heap   total 513024K, used 97190K [0x0000000080000000, 0x0000000100000000)
  region size 1024K, 18 young (18432K), 18 survivors (18432K)
 Metaspace       used 60547K, committed 61056K, reserved 1114112K
  class space    used 7838K, committed 8064K, reserved 1048576K
}
Event: 17.731 GC heap before
{Heap before GC invocations=72 (full 0):
 garbage-first heap   total 513024K, used 385958K [0x0000000080000000, 0x0000000100000000)
  region size 1024K, 300 young (307200K), 18 survivors (18432K)
 Metaspace       used 60553K, committed 61120K, reserved 1114112K
  class space    used 7838K, committed 8064K, reserved 1048576K
}
Event: 17.735 GC heap after
{Heap after GC invocations=73 (full 0):
 garbage-first heap   total 513024K, used 101519K [0x0000000080000000, 0x0000000100000000)
  region size 1024K, 22 young (22528K), 22 survivors (22528K)
 Metaspace       used 60553K, committed 61120K, reserved 1114112K
  class space    used 7838K, committed 8064K, reserved 1048576K
}
Event: 18.181 GC heap before
{Heap before GC invocations=73 (full 0):
 garbage-first heap   total 513024K, used 386191K [0x0000000080000000, 0x0000000100000000)
  region size 1024K, 300 young (307200K), 22 survivors (22528K)
 Metaspace       used 62076K, committed 62592K, reserved 1114112K
  class space    used 8004K, committed 8192K, reserved 1048576K
}
Event: 18.186 GC heap after
{Heap after GC invocations=74 (full 0):
 garbage-first heap   total 513024K, used 103303K [0x0000000080000000, 0x0000000100000000)
  region size 1024K, 23 young (23552K), 23 survivors (23552K)
 Metaspace       used 62076K, committed 62592K, reserved 1114112K
  class space    used 8004K, committed 8192K, reserved 1048576K
}
Event: 18.577 GC heap before
{Heap before GC invocations=74 (full 0):
 garbage-first heap   total 513024K, used 386951K [0x0000000080000000, 0x0000000100000000)
  region size 1024K, 300 young (307200K), 23 survivors (23552K)
 Metaspace       used 62078K, committed 62592K, reserved 1114112K
  class space    used 8004K, committed 8192K, reserved 1048576K
}
Event: 18.582 GC heap after
{Heap after GC invocations=75 (full 0):
 garbage-first heap   total 513024K, used 104446K [0x0000000080000000, 0x0000000100000000)
  region size 1024K, 22 young (22528K), 22 survivors (22528K)
 Metaspace       used 62078K, committed 62592K, reserved 1114112K
  class space    used 8004K, committed 8192K, reserved 1048576K
}
Event: 18.978 GC heap before
{Heap before GC invocations=75 (full 0):
 garbage-first heap   total 513024K, used 389118K [0x0000000080000000, 0x0000000100000000)
  region size 1024K, 300 young (307200K), 22 survivors (22528K)
 Metaspace       used 62078K, committed 62592K, reserved 1114112K
  class space    used 8004K, committed 8192K, reserved 1048576K
}
Event: 18.983 GC heap after
{Heap after GC invocations=76 (full 0):
 garbage-first heap   total 513024K, used 105063K [0x0000000080000000, 0x0000000100000000)
  region size 1024K, 22 young (22528K), 22 survivors (22528K)
 Metaspace       used 62078K, committed 62592K, reserved 1114112K
  class space    used 8004K, committed 8192K, reserved 1048576K
}
Event: 19.363 GC heap before
{Heap before GC invocations=76 (full 0):
 garbage-first heap   total 513024K, used 389735K [0x0000000080000000, 0x0000000100000000)
  region size 1024K, 300 young (307200K), 22 survivors (22528K)
 Metaspace       used 62083K, committed 62592K, reserved 1114112K
  class space    used 8004K, committed 8192K, reserved 1048576K
}
Event: 19.367 GC heap after
{Heap after GC invocations=77 (full 0):
 garbage-first heap   total 513024K, used 106161K [0x0000000080000000, 0x0000000100000000)
  region size 1024K, 22 young (22528K), 22 survivors (22528K)
 Metaspace       used 62083K, committed 62592K, reserved 1114112K
  class space    used 8004K, committed 8192K, reserved 1048576K
}
Event: 20.202 GC heap before
{Heap before GC invocations=77 (full 0):
 garbage-first heap   total 513024K, used 390833K [0x0000000080000000, 0x0000000100000000)
  region size 1024K, 300 young (307200K), 22 survivors (22528K)
 Metaspace       used 73430K, committed 74048K, reserved 1114112K
  class space    used 9718K, committed 9984K, reserved 1048576K
}
Event: 20.205 GC heap after
{Heap after GC invocations=78 (full 0):
 garbage-first heap   total 513024K, used 91475K [0x0000000080000000, 0x0000000100000000)
  region size 1024K, 7 young (7168K), 7 survivors (7168K)
 Metaspace       used 73430K, committed 74048K, reserved 1114112K
  class space    used 9718K, committed 9984K, reserved 1048576K
}
Event: 22.672 GC heap before
{Heap before GC invocations=78 (full 0):
 garbage-first heap   total 513024K, used 387411K [0x0000000080000000, 0x0000000100000000)
  region size 1024K, 296 young (303104K), 7 survivors (7168K)
 Metaspace       used 98888K, committed 99520K, reserved 1179648K
  class space    used 12549K, committed 12864K, reserved 1048576K
}
Event: 22.684 GC heap after
{Heap after GC invocations=79 (full 0):
 garbage-first heap   total 513024K, used 123411K [0x0000000080000000, 0x0000000100000000)
  region size 1024K, 38 young (38912K), 38 survivors (38912K)
 Metaspace       used 98888K, committed 99520K, reserved 1179648K
  class space    used 12549K, committed 12864K, reserved 1048576K
}

